<?xml version="1.0" encoding="UTF-8"?>
<!-- Generated by org.testng.reporters.JUnitReportReporter -->
<testsuite skipped="0" hostname="Maddy" name="com.testCases.MyTestCaseTKt" tests="1" failures="0" timestamp="17 Mar 2019 13:20:52 GMT" time="45.545" errors="0">
  <testcase name="loginAppication" time="45.545" classname="com.testCases.MyTestCaseTKt"/>
</testsuite> <!-- com.testCases.MyTestCaseTKt -->
